Crashlog created at 2014-02-19 18:17:25 +0600

===== MESSAGE:

NoMethodError: undefined method `split' for nil:NilClass

===== COMPILATION STACK:

  - [item]   /posts/first/ (rep default)

===== STACK TRACE:

  0. lib/default.rb:23:in `get_url_list'
  1. layout /post/:8:in `block in get_binding'
  2. /usr/local/lib/ruby/gems/1.9/gems/nanoc-3.6.5/lib/nanoc/helpers/capturing.rb:157:in `call'
  3. /usr/local/lib/ruby/gems/1.9/gems/nanoc-3.6.5/lib/nanoc/helpers/capturing.rb:157:in `capture'
  4. /usr/local/lib/ruby/gems/1.9/gems/nanoc-3.6.5/lib/nanoc/helpers/rendering.rb:90:in `render'
  5. layout /post/:1:in `get_binding'
  6. /usr/local/lib/ruby/1.9/erb.rb:838:in `eval'
  7. /usr/local/lib/ruby/1.9/erb.rb:838:in `result'
  8. /usr/local/lib/ruby/gems/1.9/gems/nanoc-3.6.5/lib/nanoc/filters/erb.rb:34:in `run'
  9. /usr/local/lib/ruby/gems/1.9/gems/nanoc-3.6.5/lib/nanoc/base/compilation/filter.rb:122:in `setup_and_run'
  10. /usr/local/lib/ruby/gems/1.9/gems/nanoc-3.6.5/lib/nanoc/base/result_data/item_rep.rb:409:in `layout'
  11. /usr/local/lib/ruby/gems/1.9/gems/nanoc-3.6.5/lib/nanoc/base/compilation/item_rep_proxy.rb:69:in `layout'
  12. /usr/local/lib/ruby/gems/1.9/gems/nanoc-3.6.5/lib/nanoc/base/compilation/rule_context.rb:68:in `layout'
  13. ./Rules:22:in `block in load'
  14. /usr/local/lib/ruby/gems/1.9/gems/nanoc-3.6.5/lib/nanoc/base/compilation/rule.rb:68:in `instance_eval'
  15. /usr/local/lib/ruby/gems/1.9/gems/nanoc-3.6.5/lib/nanoc/base/compilation/rule.rb:68:in `apply_to'
  16. /usr/local/lib/ruby/gems/1.9/gems/nanoc-3.6.5/lib/nanoc/base/compilation/compiler.rb:384:in `compile_rep'
  17. /usr/local/lib/ruby/gems/1.9/gems/nanoc-3.6.5/lib/nanoc/base/compilation/compiler.rb:340:in `block in compile_reps'
  18. /usr/local/lib/ruby/gems/1.9/gems/nanoc-3.6.5/lib/nanoc/base/compilation/compiler.rb:333:in `loop'
  19. /usr/local/lib/ruby/gems/1.9/gems/nanoc-3.6.5/lib/nanoc/base/compilation/compiler.rb:333:in `compile_reps'
  20. /usr/local/lib/ruby/gems/1.9/gems/nanoc-3.6.5/lib/nanoc/base/compilation/compiler.rb:89:in `run'
  21. /usr/local/lib/ruby/gems/1.9/gems/nanoc-3.6.5/lib/nanoc/base/source_data/site.rb:58:in `compile'
  22. /usr/local/lib/ruby/gems/1.9/gems/nanoc-3.6.5/lib/nanoc/cli/commands/compile.rb:363:in `block in run'
  23. /usr/local/lib/ruby/gems/1.9/gems/nanoc-3.6.5/lib/nanoc/cli/commands/compile.rb:404:in `run_listeners_while'
  24. /usr/local/lib/ruby/gems/1.9/gems/nanoc-3.6.5/lib/nanoc/cli/commands/compile.rb:362:in `run'
  25. /usr/local/lib/ruby/gems/1.9/gems/nanoc-3.6.5/lib/nanoc/cli/command_runner.rb:14:in `block in call'
  26. /usr/local/lib/ruby/gems/1.9/gems/nanoc-3.6.5/lib/nanoc/cli/error_handler.rb:70:in `handle_while'
  27. /usr/local/lib/ruby/gems/1.9/gems/nanoc-3.6.5/lib/nanoc/cli/error_handler.rb:26:in `handle_while'
  28. /usr/local/lib/ruby/gems/1.9/gems/nanoc-3.6.5/lib/nanoc/cli/command_runner.rb:13:in `call'
  29. /usr/local/lib/ruby/gems/1.9/gems/cri-2.3.0/lib/cri/command_dsl.rb:185:in `block in runner'
  30. /usr/local/lib/ruby/gems/1.9/gems/cri-2.3.0/lib/cri/command.rb:296:in `call'
  31. /usr/local/lib/ruby/gems/1.9/gems/cri-2.3.0/lib/cri/command.rb:296:in `run_this'
  32. /usr/local/lib/ruby/gems/1.9/gems/cri-2.3.0/lib/cri/command.rb:249:in `run'
  33. /usr/local/lib/ruby/gems/1.9/gems/cri-2.3.0/lib/cri/command.rb:262:in `run'
  34. /usr/local/lib/ruby/gems/1.9/gems/nanoc-3.6.5/lib/nanoc/cli.rb:52:in `block in run'
  35. /usr/local/lib/ruby/gems/1.9/gems/nanoc-3.6.5/lib/nanoc/cli/error_handler.rb:70:in `handle_while'
  36. /usr/local/lib/ruby/gems/1.9/gems/nanoc-3.6.5/lib/nanoc/cli/error_handler.rb:26:in `handle_while'
  37. /usr/local/lib/ruby/gems/1.9/gems/nanoc-3.6.5/lib/nanoc/cli.rb:50:in `run'
  38. /usr/local/lib/ruby/gems/1.9/gems/nanoc-3.6.5/bin/nanoc:19:in `<top (required)>'
  39. /usr/local/bin/nanoc:23:in `load'
  ... 42 more lines omitted. See full crash log for details.

===== VERSION INFORMATION:

nanoc 3.6.5 © 2007-2013 Denis Defreyne.
Running ruby 1.9.3 (2013-11-22) on amd64-freebsd9 with RubyGems 1.8.29.

===== SYSTEM INFORMATION:

FreeBSD yoda.wilful.su 9.2-RELEASE FreeBSD 9.2-RELEASE #0 r255898: Thu Sep 26 22:50:31 UTC 2013     root@bake.isc.freebsd.org:/usr/obj/usr/src/sys/GENERIC  amd64

===== INSTALLED GEMS:

  abstract 1.0.0
  actionmailer 3.2.16
  actionpack 3.2.16
  activemodel 3.2.16
  activerecord 3.2.16
  activeresource 3.2.16
  activesupport 3.2.16
  ansi 1.4.3
  arel 3.0.3, 5.0.0
  builder 3.0.4
  bundler 1.3.5
  bzip2-ruby 0.2.7
  capybara 2.2.0
  childprocess 0.3.9
  classifier 1.3.3
  coderay 1.1.0
  coffee-rails 3.2.2
  coffee-script 2.2.0
  coffee-script-source 1.7.0
  colorator 0.1
  colored 1.2
  commander 4.1.4
  cri 2.3.0
  daemon_controller 1.1.8
  directory_watcher 1.4.1
  erubis 2.7.0
  execjs 2.0.2
  facter 1.7.4
  fast-stemmer 1.0.2
  fastercsv 1.5.5
  fastthread 1.0.7
  ffi 1.9.3
  hiera 1.3.0
  highline 1.6.20
  hike 1.2.3
  i18n 0.6.9
  jekyll 1.0.3
  journey 1.0.4
  jquery-rails 3.1.0
  json 1.8.1
  json_pure 1.8.1
  kramdown 1.3.1
  liquid 2.5.0
  mail 2.5.4
  maruku 0.6.1
  metaclass 0.0.1
  mime-types 1.25.1
  mini_portile 0.5.2
  minitest 5.0.6
  mocha 0.14.0
  multi_json 1.8.4
  mysql 2.9.1
  mysql2 0.3.13
  nanoc 3.6.5
  net-ldap 0.3.1
  nokogiri 1.6.1
  passenger 4.0.35
  polyglot 0.3.3
  posix-spawn 0.3.6
  pygments.rb 0.5.4
  rack 1.4.5
  rack-cache 1.2
  rack-openid 1.3.1
  rack-ssl 1.3.3
  rack-test 0.6.2
  rails 3.2.16
  railties 3.2.16
  rake 10.1.1
  rdoc 3.12.2
  reverse_markdown 0.4.7
  rmagick 2.13.2
  ruby-augeas 0.5.0
  ruby-openid 2.3.0
  ruby-yadis 0.3.4
  rubytree 0.8.3
  rubyzip 1.1.0
  safe_yaml 0.9.4
  sass 3.2.14
  sass-rails 3.2.6
  selenium-webdriver 2.38.0
  shoulda 3.5.0
  shoulda-context 1.1.4
  shoulda-matchers 2.2.0
  sprockets 2.10.1
  sqlite3 1.3.8
  structured_warnings 0.1.4
  syntax 1.0.0
  thor 0.18.1
  tilt 2.0.0
  treetop 1.4.15
  turn 0.9.6
  tzinfo 0.3.38
  uglifier 2.4.0
  websocket 1.0.7
  xpath 2.0.0
  yajl-ruby 1.2.0
  yard 0.8.7.3

===== ENVIRONMENT:

HOME => "/root"
LANG => "ru_RU.UTF-8"
LOGNAME => "root"
MAIL => "/var/mail/root"
OLDPWD => "/usr/local/www"
PAGER => "more"
PATH => "/sbin:/bin:/usr/sbin:/usr/bin:/usr/games:/usr/local/sbin:/usr/local/bin:/root/bin"
PWD => "/usr/local/www/srv-nix.com"
SHELL => "/usr/local/bin/bash"
SHLVL => "2"
SUDO_COMMAND => "/usr/local/bin/bash"
SUDO_GID => "1001"
SUDO_UID => "1001"
SUDO_USER => "wilful"
TERM => "screen"
TMUX => "/tmp/tmux-0/default,65008,0"
TMUX_PANE => "%3"
USER => "root"
USERNAME => "root"
_ => "/usr/local/bin/nanoc"

===== LOAD PATHS:

  0. /usr/local/lib/ruby/gems/1.9/gems/nanoc-3.6.5/lib
  1. /usr/local/lib/ruby/gems/1.9/gems/colored-1.2/lib
  2. /usr/local/lib/ruby/gems/1.9/gems/cri-2.3.0/lib
  3. /usr/local/lib/ruby/gems/1.9/gems/nanoc-3.6.5/lib
  4. /usr/local/lib/ruby/gems/1.9/gems/bundler-1.3.5/lib
  5. /usr/local/lib/ruby/gems/1.9/gems/kramdown-1.3.1/lib
  6. /usr/local/lib/ruby/gems/1.9/gems/coderay-1.1.0/lib
  7. /usr/local/lib/ruby/site_ruby/1.9
  8. /usr/local/lib/ruby/site_ruby/1.9/amd64-freebsd9
  9. /usr/local/lib/ruby/site_ruby
  10. /usr/local/lib/ruby/vendor_ruby/1.9
  11. /usr/local/lib/ruby/vendor_ruby/1.9/amd64-freebsd9
  12. /usr/local/lib/ruby/vendor_ruby
  13. /usr/local/lib/ruby/1.9
  14. /usr/local/lib/ruby/1.9/amd64-freebsd9
